========================================
  Running all executables
  Time: Wed Mar 11 11:12:54 CST 2026
  Logs: /home/master/Leet_exercise/cuda/build/logs
========================================

>>> [67/5] Running vector_add...
---------- vector_add output ----------
C[0] = 0 (expected: 0)
C[1] = 3 (expected: 3)
C[2] = 6 (expected: 6)
C[3] = 9 (expected: 9)
C[4] = 12 (expected: 12)
C[5] = 15 (expected: 15)
C[6] = 18 (expected: 18)
C[7] = 21 (expected: 21)
C[8] = 24 (expected: 24)
C[9] = 27 (expected: 27)
✓ 验证通过!
[✓ SUCCESS] vector_add

========================================
  All executables completed
  Time: Wed Mar 11 11:12:54 CST 2026
  Full log: /home/master/Leet_exercise/cuda/build/logs/all_20260311_111254.log
========================================
